
  [4;36;1mSQL (0.4ms)[0m   [0;1m SELECT name
 FROM sqlite_master
 WHERE type = 'table' AND NOT name = 'sqlite_sequence'
[0m
  [4;35;1mSQL (0.2ms)[0m   [0mselect sqlite_version(*)[0m
  [4;36;1mSQL (2.0ms)[0m   [0;1mCREATE TABLE "schema_migrations" ("version" varchar(255) NOT NULL) [0m
  [4;35;1mSQL (1.8ms)[0m   [0mCREATE UNIQUE INDEX "unique_schema_migrations" ON "schema_migrations" ("version")[0m
  [4;36;1mSQL (0.2ms)[0m   [0;1m SELECT name
 FROM sqlite_master
 WHERE type = 'table' AND NOT name = 'sqlite_sequence'
[0m
  [4;35;1mSQL (0.2ms)[0m   [0mSELECT version FROM schema_migrations[0m
Migrating to CreateSigns (20110223015146)
  [4;36;1mSQL (0.8ms)[0m   [0;1mCREATE TABLE "signs" ("id" INTEGER PRIMARY KEY AUTOINCREMENT NOT NULL, "message" varchar(255), "created_at" datetime, "updated_at" datetime) [0m
  [4;35;1mSQL (0.2ms)[0m   [0mINSERT INTO schema_migrations (version) VALUES ('20110223015146')[0m
  [4;36;1mSQL (0.4ms)[0m   [0;1m SELECT name
 FROM sqlite_master
 WHERE type = 'table' AND NOT name = 'sqlite_sequence'
[0m
  [4;35;1mSQL (0.1ms)[0m   [0mSELECT version FROM schema_migrations[0m
  [4;36;1mSQL (0.2ms)[0m   [0;1m SELECT name
 FROM sqlite_master
 WHERE type = 'table' AND NOT name = 'sqlite_sequence'
[0m
  [4;35;1mSQL (0.0ms)[0m   [0mPRAGMA index_list("signs")[0m
  [4;36;1mSign Create (14.1ms)[0m   [0;1mINSERT INTO "signs" ("created_at", "updated_at", "message") VALUES('2011-02-23 01:55:40', '2011-02-23 01:55:40', 'Fuck You Matt')[0m
  [4;35;1mSign Load (0.4ms)[0m   [0mSELECT * FROM "signs" [0m


Processing SignsController#index (for 127.0.0.1 at 2011-02-22 18:59:20) [GET]
  [4;36;1mSign Load (0.7ms)[0m   [0;1mSELECT * FROM "signs" [0m
Rendering signs/index

ActionView::TemplateError (undefined local variable or method `book' for #<ActionView::Base:0x1a52a48>) on line #14 of app/views/signs/index.html.erb:
11: 
12: <body>
13: 	<% for sign in @signs do %>  
14: 	  <h1><%=h book.message %></h1>   
15: 	<% end %>
16: 
17: </body>

    app/views/signs/index.html.erb:14
    app/views/signs/index.html.erb:13:in `each'
    app/views/signs/index.html.erb:13

Rendered rescues/_trace (76.9ms)
Rendered rescues/_request_and_response (1.7ms)
Rendering rescues/layout (internal_server_error)


Processing SignsController#index (for 127.0.0.1 at 2011-02-22 18:59:32) [GET]
  [4;35;1mSign Load (0.5ms)[0m   [0mSELECT * FROM "signs" [0m
Rendering signs/index
Completed in 15ms (View: 10, DB: 1) | 200 OK [http://localhost/signs]


Processing SignsController#index (for 127.0.0.1 at 2011-02-22 19:04:40) [GET]
  [4;36;1mSign Load (0.6ms)[0m   [0;1mSELECT * FROM "signs" [0m
Rendering template within layouts/application
Rendering signs/index
Completed in 160ms (View: 154, DB: 1) | 200 OK [http://localhost/signs]


Processing SignsController#index (for 127.0.0.1 at 2011-02-22 19:06:33) [GET]
  [4;35;1mSign Load (0.6ms)[0m   [0mSELECT * FROM "signs" [0m
Rendering template within layouts/application
Rendering signs/index
Completed in 8ms (View: 3, DB: 1) | 200 OK [http://localhost/signs]


Processing SignsController#index (for 127.0.0.1 at 2011-02-22 19:06:36) [GET]
  [4;36;1mSign Load (1.5ms)[0m   [0;1mSELECT * FROM "signs" [0m
Rendering template within layouts/application
Rendering signs/index
Completed in 10ms (View: 3, DB: 1) | 200 OK [http://localhost/signs]


Processing SignsController#index (for 127.0.0.1 at 2011-02-22 19:06:59) [GET]
  [4;35;1mSign Load (0.6ms)[0m   [0mSELECT * FROM "signs" [0m
Rendering template within layouts/application
Rendering signs/index
Completed in 8ms (View: 3, DB: 1) | 200 OK [http://localhost/signs]


Processing SignsController#index (for 127.0.0.1 at 2011-02-22 19:12:00) [GET]
  [4;36;1mSign Load (0.6ms)[0m   [0;1mSELECT * FROM "signs" [0m
Rendering template within layouts/application
Rendering signs/index
Completed in 15ms (View: 9, DB: 1) | 200 OK [http://localhost/signs]


Processing SignsController#index (for 127.0.0.1 at 2011-02-22 19:12:15) [GET]
  [4;35;1mSign Load (0.9ms)[0m   [0mSELECT * FROM "signs" [0m
Rendering template within layouts/application
Rendering signs/index
Completed in 15ms (View: 9, DB: 1) | 200 OK [http://localhost/signs]


Processing SignsController#index (for 127.0.0.1 at 2011-02-22 19:12:41) [GET]
  [4;36;1mSign Load (0.6ms)[0m   [0;1mSELECT * FROM "signs" [0m
Rendering template within layouts/application
Rendering signs/index
Completed in 54ms (View: 49, DB: 1) | 200 OK [http://localhost/signs]


Processing SignsController#index (for 127.0.0.1 at 2011-02-22 19:12:46) [GET]
  [4;35;1mSign Load (0.6ms)[0m   [0mSELECT * FROM "signs" [0m
Rendering template within layouts/application
Rendering signs/index
Completed in 9ms (View: 3, DB: 1) | 200 OK [http://localhost/signs]


Processing SignsController#index (for 127.0.0.1 at 2011-02-22 19:13:01) [GET]
  [4;36;1mSign Load (0.6ms)[0m   [0;1mSELECT * FROM "signs" [0m
Rendering template within layouts/application
Rendering signs/index
Completed in 10ms (View: 5, DB: 1) | 200 OK [http://localhost/signs]


Processing ApplicationController#index (for 127.0.0.1 at 2011-02-23 14:11:57) [GET]

ActionController::RoutingError (No route matches "/" with {:method=>:get}):
  

Rendering rescues/layout (not_found)


Processing SignsController#index (for 127.0.0.1 at 2011-02-23 14:12:02) [GET]
  [4;36;1mSign Load (6.7ms)[0m   [0;1mSELECT * FROM "signs" [0m
Rendering template within layouts/application
Rendering signs/index
Completed in 146ms (View: 127, DB: 7) | 200 OK [http://localhost/signs]


Processing SignsController#index (for 127.0.0.1 at 2011-02-23 14:13:27) [GET]
  [4;35;1mSign Load (4.5ms)[0m   [0mSELECT * FROM "signs" [0m
Rendering template within layouts/application
Rendering signs/index
Completed in 26ms (View: 11, DB: 4) | 200 OK [http://localhost/signs]


Processing SignsController#index (for 127.0.0.1 at 2011-02-23 14:15:59) [GET]
  [4;36;1mSign Load (10.0ms)[0m   [0;1mSELECT * FROM "signs" [0m
Rendering template within layouts/application
Rendering signs/index
Completed in 18ms (View: 4, DB: 10) | 200 OK [http://localhost/signs]


Processing SignsController#index (for 127.0.0.1 at 2011-02-23 14:16:08) [GET]
  [4;35;1mSign Load (0.6ms)[0m   [0mSELECT * FROM "signs" [0m
Rendering template within layouts/application
Rendering signs/index
Completed in 9ms (View: 3, DB: 1) | 200 OK [http://localhost/signs]


Processing SignsController#index (for 127.0.0.1 at 2011-02-23 14:16:12) [GET]
  [4;36;1mSign Load (0.6ms)[0m   [0;1mSELECT * FROM "signs" [0m
Rendering template within layouts/application
Rendering signs/index
Completed in 8ms (View: 3, DB: 1) | 200 OK [http://localhost/signs]


Processing SignsController#index (for 127.0.0.1 at 2011-02-23 14:17:00) [GET]
  [4;35;1mSign Load (0.6ms)[0m   [0mSELECT * FROM "signs" [0m
Rendering template within layouts/application
Rendering signs/index
Completed in 9ms (View: 3, DB: 1) | 200 OK [http://localhost/signs]


Processing SignsController#index (for 127.0.0.1 at 2011-02-23 14:17:21) [GET]
  [4;36;1mSign Load (0.6ms)[0m   [0;1mSELECT * FROM "signs" [0m
Rendering template within layouts/application
Rendering signs/index
Completed in 8ms (View: 3, DB: 1) | 200 OK [http://localhost/signs]


Processing SignsController#index (for 127.0.0.1 at 2011-02-23 14:17:51) [GET]
  [4;35;1mSign Load (0.8ms)[0m   [0mSELECT * FROM "signs" [0m
Rendering template within layouts/application
Rendering signs/index
Completed in 15ms (View: 3, DB: 1) | 200 OK [http://localhost/signs]


Processing SignsController#index (for 127.0.0.1 at 2011-02-23 14:18:07) [GET]
  [4;36;1mSign Load (0.6ms)[0m   [0;1mSELECT * FROM "signs" [0m
Rendering template within layouts/application
Rendering signs/index
Completed in 8ms (View: 3, DB: 1) | 200 OK [http://localhost/signs]


Processing SignsController#index (for 127.0.0.1 at 2011-02-23 14:18:22) [GET]
  [4;35;1mSign Load (0.6ms)[0m   [0mSELECT * FROM "signs" [0m
Rendering template within layouts/application
Rendering signs/index
Completed in 9ms (View: 4, DB: 1) | 200 OK [http://localhost/signs]
  [4;36;1mSign Create (14.1ms)[0m   [0;1mINSERT INTO "signs" ("created_at", "updated_at", "message") VALUES('2011-02-23 21:23:04', '2011-02-23 21:23:04', 'Fuck You')[0m
  [4;35;1mSign Create (1.2ms)[0m   [0mINSERT INTO "signs" ("created_at", "updated_at", "message") VALUES('2011-02-23 21:23:21', '2011-02-23 21:23:21', 'Matt')[0m


Processing SignsController#index (for 127.0.0.1 at 2011-02-23 14:23:57) [GET]
  [4;36;1mSign Load (0.8ms)[0m   [0;1mSELECT * FROM "signs" [0m
Rendering template within layouts/application
Rendering signs/index
Completed in 9ms (View: 3, DB: 1) | 200 OK [http://localhost/signs]


Processing SignsController#index (for 127.0.0.1 at 2011-02-23 14:26:49) [GET]
  [4;35;1mSign Load (0.0ms)[0m   [0mSQLite3::SQLException: no such table: signs: SELECT * FROM "signs" [0m

ActiveRecord::StatementInvalid (SQLite3::SQLException: no such table: signs: SELECT * FROM "signs" ):
  app/controllers/signs_controller.rb:3:in `index'

Rendered rescues/_trace (81.6ms)
Rendered rescues/_request_and_response (66.4ms)
Rendering rescues/layout (internal_server_error)
  [4;36;1mSQL (0.7ms)[0m   [0;1m SELECT name
 FROM sqlite_master
 WHERE type = 'table' AND NOT name = 'sqlite_sequence'
[0m
  [4;35;1mSQL (0.3ms)[0m   [0mselect sqlite_version(*)[0m
  [4;36;1mSQL (18.7ms)[0m   [0;1mCREATE TABLE "schema_migrations" ("version" varchar(255) NOT NULL) [0m
  [4;35;1mSQL (1.8ms)[0m   [0mCREATE UNIQUE INDEX "unique_schema_migrations" ON "schema_migrations" ("version")[0m
  [4;36;1mSQL (0.2ms)[0m   [0;1m SELECT name
 FROM sqlite_master
 WHERE type = 'table' AND NOT name = 'sqlite_sequence'
[0m
  [4;35;1mSQL (0.1ms)[0m   [0mSELECT version FROM schema_migrations[0m
Migrating to CreateSigns (20110223015146)
  [4;36;1mSQL (0.8ms)[0m   [0;1mCREATE TABLE "signs" ("id" INTEGER PRIMARY KEY AUTOINCREMENT NOT NULL, "message" varchar(255), "created_at" datetime, "updated_at" datetime) [0m
  [4;35;1mSQL (0.2ms)[0m   [0mINSERT INTO schema_migrations (version) VALUES ('20110223015146')[0m
  [4;36;1mSQL (0.3ms)[0m   [0;1m SELECT name
 FROM sqlite_master
 WHERE type = 'table' AND NOT name = 'sqlite_sequence'
[0m
  [4;35;1mSQL (0.1ms)[0m   [0mSELECT version FROM schema_migrations[0m
  [4;36;1mSQL (0.2ms)[0m   [0;1m SELECT name
 FROM sqlite_master
 WHERE type = 'table' AND NOT name = 'sqlite_sequence'
[0m
  [4;35;1mSQL (0.0ms)[0m   [0mPRAGMA index_list("signs")[0m
  [4;36;1mSign Create (479.1ms)[0m   [0;1mINSERT INTO "signs" ("created_at", "updated_at", "message") VALUES('2011-02-23 21:27:41', '2011-02-23 21:27:41', 'Fuck You')[0m
  [4;35;1mSign Create (26.1ms)[0m   [0mINSERT INTO "signs" ("created_at", "updated_at", "message") VALUES('2011-02-23 21:27:47', '2011-02-23 21:27:47', 'Matt')[0m


Processing SignsController#index (for 127.0.0.1 at 2011-02-23 14:27:51) [GET]
  [4;36;1mSign Load (0.6ms)[0m   [0;1mSELECT * FROM "signs" [0m
Rendering template within layouts/application
Rendering signs/index
Completed in 9ms (View: 3, DB: 1) | 200 OK [http://localhost/signs]


Processing SignsController#index (for 127.0.0.1 at 2011-02-23 14:28:17) [GET]
  [4;35;1mSign Load (0.8ms)[0m   [0mSELECT * FROM "signs" [0m
Rendering template within layouts/application
Rendering signs/index
Completed in 14ms (View: 4, DB: 1) | 200 OK [http://localhost/signs]


Processing SignsController#index (for 127.0.0.1 at 2011-02-23 14:28:33) [GET]
  [4;36;1mSign Load (0.7ms)[0m   [0;1mSELECT * FROM "signs" [0m
Rendering template within layouts/application
Rendering signs/index
Completed in 9ms (View: 3, DB: 1) | 200 OK [http://localhost/signs]
